INFO:Compteur:Nouveau message 0:  1 =======> 1
INFO:Compteur:Nouveau message 1:  8 =======> 8
INFO:Compteur:Nouveau message 2:  10 =======> 4
INFO:Compteur:Nouveau message 3:  12 =======> 1
INFO:Compteur:Nouveau message 4:  13 =======> 12
INFO:Compteur:Nouveau message 5:  16 =======> 5
INFO:Compteur:Clock:5
INFO:Compteur:nb_croisements: 1
INFO:Compteur:msg_envoyes: 6
INFO:Compteur:msg_recus: 0
INFO:Compteur:satur_reseau: 7
INFO:Compteur:Nouveau message 6:  5 =======> 13
INFO:Compteur:Nouveau message 7:  9 =======> 16
INFO:Compteur:Nouveau message 8:  14 =======> 13
INFO:Compteur:Clock:10
INFO:Compteur:nb_croisements: 2
INFO:Compteur:msg_envoyes: 9
INFO:Compteur:msg_recus: 0
INFO:Compteur:satur_reseau: 11
INFO:Compteur:Nouveau message 9:  17 =======> 10
INFO:Compteur:Clock:15
INFO:Compteur:nb_croisements: 2
INFO:Compteur:msg_envoyes: 10
INFO:Compteur:msg_recus: 0
INFO:Compteur:satur_reseau: 12
INFO:Compteur:Nouveau message 10:  12 =======> 3
INFO:Compteur:Nouveau message 11:  20 =======> 15
INFO:Compteur:Clock:20
INFO:Compteur:nb_croisements: 3
INFO:Compteur:msg_envoyes: 12
INFO:Compteur:msg_recus: 0
INFO:Compteur:satur_reseau: 15
INFO:Compteur:Nouveau message 12:  2 =======> 13
INFO:Compteur:Nouveau message 13:  3 =======> 20
INFO:Compteur:Nouveau message 14:  6 =======> 14
INFO:Compteur:Nouveau message 15:  7 =======> 1
INFO:Compteur:Nouveau message 16:  9 =======> 13
INFO:Compteur:Nouveau message 17:  10 =======> 2
INFO:Compteur:Nouveau message 18:  11 =======> 15
INFO:Compteur:Nouveau message 19:  13 =======> 16
INFO:Compteur:Nouveau message 20:  18 =======> 3
INFO:Compteur:Clock:25
INFO:Compteur:nb_croisements: 4
INFO:Compteur:msg_envoyes: 21
INFO:Compteur:msg_recus: 0
INFO:Compteur:satur_reseau: 25
INFO:Compteur:Nouveau message 21:  5 =======> 18
INFO:Compteur:Nouveau message 22:  6 =======> 11
INFO:Compteur:Nouveau message 23:  8 =======> 10
INFO:Compteur:Nouveau message 24:  10 =======> 4
INFO:Compteur:Nouveau message 25:  17 =======> 18
INFO:Compteur:Clock:30
INFO:Compteur:nb_croisements: 5
INFO:Compteur:msg_envoyes: 26
INFO:Compteur:msg_recus: 0
INFO:Compteur:satur_reseau: 30
INFO:Compteur:Nouveau message 26:  6 =======> 19
INFO:Compteur:Nouveau message 27:  8 =======> 20
INFO:Compteur:Nouveau message 28:  13 =======> 5
INFO:Compteur:Clock:35
INFO:Compteur:nb_croisements: 6
INFO:Compteur:msg_envoyes: 29
INFO:Compteur:msg_recus: 0
INFO:Compteur:satur_reseau: 36
INFO:Compteur:Nouveau message 29:  11 =======> 7
INFO:Compteur:Nouveau message 30:  15 =======> 7
INFO:Compteur:Nouveau message 31:  16 =======> 10
INFO:Compteur:Nouveau message 32:  20 =======> 10
INFO:Compteur:Clock:40
INFO:Compteur:nb_croisements: 8
INFO:Compteur:msg_envoyes: 33
INFO:Compteur:msg_recus: 0
INFO:Compteur:satur_reseau: 47
INFO:Compteur:Nouveau message 33:  16 =======> 9
INFO:Compteur:Clock:45
INFO:Compteur:nb_croisements: 9
INFO:Compteur:msg_envoyes: 34
INFO:Compteur:msg_recus: 0
INFO:Compteur:satur_reseau: 52
INFO:Compteur:Nouveau message 34:  6 =======> 6
INFO:Compteur:Nouveau message 35:  7 =======> 13
INFO:Compteur:Nouveau message 36:  10 =======> 10
INFO:Compteur:Clock:50
INFO:Compteur:nb_croisements: 10
INFO:Compteur:msg_envoyes: 37
INFO:Compteur:msg_recus: 0
INFO:Compteur:satur_reseau: 59
INFO:Compteur:Nouveau message 37:  3 =======> 5
INFO:Compteur:Nouveau message 38:  4 =======> 12
INFO:Compteur:Nouveau message 39:  9 =======> 15
INFO:Compteur:Clock:55
INFO:Compteur:nb_croisements: 10
INFO:Compteur:msg_envoyes: 40
INFO:Compteur:msg_recus: 0
INFO:Compteur:satur_reseau: 62
INFO:Compteur:Nouveau message 40:  1 =======> 18
INFO:Compteur:Nouveau message 41:  4 =======> 9
INFO:Compteur:Nouveau message 42:  15 =======> 3
INFO:Compteur:Nouveau message 43:  18 =======> 9
INFO:Compteur:Nouveau message 44:  20 =======> 3
INFO:Compteur:Clock:60
INFO:Compteur:nb_croisements: 10
INFO:Compteur:msg_envoyes: 45
INFO:Compteur:msg_recus: 0
INFO:Compteur:satur_reseau: 67
INFO:Compteur:Nouveau message 45:  6 =======> 3
INFO:Compteur:Nouveau message 46:  12 =======> 13
INFO:Compteur:Nouveau message 47:  14 =======> 5
INFO:Compteur:Nouveau message 48:  16 =======> 11
INFO:Compteur:Nouveau message 49:  17 =======> 20
INFO:Compteur:Nouveau message 50:  18 =======> 12
INFO:Compteur:3: Réception de message 42 provenant de 15
INFO:Compteur:15: Réception de message 11 provenant de 20
INFO:Compteur:Clock:65
INFO:Compteur:nb_croisements: 15
INFO:Compteur:msg_envoyes: 51
INFO:Compteur:msg_recus: 2
INFO:Compteur:satur_reseau: 94
INFO:Compteur:Nouveau message 51:  4 =======> 9
INFO:Compteur:Nouveau message 52:  16 =======> 9
INFO:Compteur:1: Réception de message 15 provenant de 7
INFO:Compteur:Clock:70
INFO:Compteur:nb_croisements: 16
INFO:Compteur:msg_envoyes: 53
INFO:Compteur:msg_recus: 3
INFO:Compteur:satur_reseau: 105
INFO:Compteur:Nouveau message 53:  8 =======> 3
INFO:Compteur:Nouveau message 54:  17 =======> 11
INFO:Compteur:Clock:75
INFO:Compteur:nb_croisements: 16
INFO:Compteur:msg_envoyes: 55
INFO:Compteur:msg_recus: 3
INFO:Compteur:satur_reseau: 107
INFO:Compteur:Nouveau message 55:  15 =======> 2
INFO:Compteur:Nouveau message 56:  16 =======> 6
INFO:Compteur:Nouveau message 57:  17 =======> 7
INFO:Compteur:Nouveau message 58:  19 =======> 11
INFO:Compteur:Clock:80
INFO:Compteur:nb_croisements: 17
INFO:Compteur:msg_envoyes: 59
INFO:Compteur:msg_recus: 3
INFO:Compteur:satur_reseau: 128
INFO:Compteur:Nouveau message 59:  1 =======> 10
INFO:Compteur:Nouveau message 60:  6 =======> 11
INFO:Compteur:Nouveau message 61:  15 =======> 1
INFO:Compteur:13: Réception de message 35 provenant de 7
INFO:Compteur:Clock:85
INFO:Compteur:nb_croisements: 18
INFO:Compteur:msg_envoyes: 62
INFO:Compteur:msg_recus: 4
INFO:Compteur:satur_reseau: 135
INFO:Compteur:Nouveau message 62:  7 =======> 7
INFO:Compteur:Nouveau message 63:  11 =======> 6
INFO:Compteur:Nouveau message 64:  13 =======> 2
INFO:Compteur:Nouveau message 65:  16 =======> 17
INFO:Compteur:Nouveau message 66:  18 =======> 20
INFO:Compteur:Clock:90
INFO:Compteur:nb_croisements: 20
INFO:Compteur:msg_envoyes: 67
INFO:Compteur:msg_recus: 4
INFO:Compteur:satur_reseau: 142
INFO:Compteur:Nouveau message 67:  1 =======> 4
INFO:Compteur:Nouveau message 68:  9 =======> 13
INFO:Compteur:Nouveau message 69:  10 =======> 16
INFO:Compteur:Nouveau message 70:  13 =======> 17
INFO:Compteur:Nouveau message 71:  19 =======> 3
INFO:Compteur:Clock:95
INFO:Compteur:nb_croisements: 22
INFO:Compteur:msg_envoyes: 72
INFO:Compteur:msg_recus: 4
INFO:Compteur:satur_reseau: 156
INFO:Compteur:Nouveau message 72:  3 =======> 6
INFO:Compteur:Nouveau message 73:  4 =======> 20
INFO:Compteur:Nouveau message 74:  8 =======> 15
INFO:Compteur:Nouveau message 75:  16 =======> 8
INFO:Compteur:16: Réception de message 19 provenant de 13
INFO:Compteur:Clock:100
INFO:Compteur:nb_croisements: 24
INFO:Compteur:msg_envoyes: 76
INFO:Compteur:msg_recus: 5
INFO:Compteur:satur_reseau: 178
INFO:Compteur:Nouveau message 76:  1 =======> 13
INFO:Compteur:Nouveau message 77:  9 =======> 19
INFO:Compteur:Nouveau message 78:  12 =======> 20
INFO:Compteur:Nouveau message 79:  19 =======> 7
INFO:Compteur:20: Réception de message 73 provenant de 4
INFO:Compteur:Clock:105
INFO:Compteur:nb_croisements: 25
INFO:Compteur:msg_envoyes: 80
INFO:Compteur:msg_recus: 6
INFO:Compteur:satur_reseau: 198
INFO:Compteur:Nouveau message 80:  6 =======> 9
INFO:Compteur:Nouveau message 81:  16 =======> 13
INFO:Compteur:Nouveau message 82:  18 =======> 7
INFO:Compteur:Nouveau message 83:  20 =======> 17
INFO:Compteur:Clock:110
INFO:Compteur:nb_croisements: 27
INFO:Compteur:msg_envoyes: 84
INFO:Compteur:msg_recus: 6
INFO:Compteur:satur_reseau: 222
INFO:Compteur:Nouveau message 84:  2 =======> 5
INFO:Compteur:Nouveau message 85:  4 =======> 3
INFO:Compteur:Nouveau message 86:  10 =======> 2
INFO:Compteur:Nouveau message 87:  11 =======> 9
INFO:Compteur:Nouveau message 88:  13 =======> 18
INFO:Compteur:Clock:115
INFO:Compteur:nb_croisements: 27
INFO:Compteur:msg_envoyes: 89
INFO:Compteur:msg_recus: 6
INFO:Compteur:satur_reseau: 227
INFO:Compteur:Nouveau message 89:  1 =======> 20
INFO:Compteur:Nouveau message 90:  6 =======> 3
INFO:Compteur:Nouveau message 91:  9 =======> 6
INFO:Compteur:Nouveau message 92:  10 =======> 14
INFO:Compteur:Nouveau message 93:  20 =======> 3
INFO:Compteur:6: Réception de message 72 provenant de 3
INFO:Compteur:Clock:120
INFO:Compteur:nb_croisements: 29
INFO:Compteur:msg_envoyes: 94
INFO:Compteur:msg_recus: 7
INFO:Compteur:satur_reseau: 283
INFO:Compteur:Nouveau message 94:  13 =======> 5
INFO:Compteur:12: Réception de message 38 provenant de 4
INFO:Compteur:Clock:125
INFO:Compteur:nb_croisements: 30
INFO:Compteur:msg_envoyes: 95
INFO:Compteur:msg_recus: 8
INFO:Compteur:satur_reseau: 265
INFO:Compteur:Nouveau message 95:  8 =======> 6
INFO:Compteur:Nouveau message 96:  17 =======> 17
INFO:Compteur:17: Réception de message 65 provenant de 16
INFO:Compteur:Clock:130
INFO:Compteur:nb_croisements: 31
INFO:Compteur:msg_envoyes: 97
INFO:Compteur:msg_recus: 9
INFO:Compteur:satur_reseau: 285
INFO:Compteur:Nouveau message 97:  4 =======> 4
INFO:Compteur:Nouveau message 98:  13 =======> 19
INFO:Compteur:2: Réception de message 55 provenant de 15
INFO:Compteur:1: Réception de message 61 provenant de 15
INFO:Compteur:3: Réception de message 44 provenant de 20
INFO:Compteur:Clock:135
INFO:Compteur:nb_croisements: 33
INFO:Compteur:msg_envoyes: 99
INFO:Compteur:msg_recus: 12
INFO:Compteur:satur_reseau: 326
INFO:Compteur:Nouveau message 99:  2 =======> 6
INFO:Compteur:Nouveau message 100:  5 =======> 2
INFO:Compteur:Nouveau message 101:  7 =======> 14
INFO:Compteur:Nouveau message 102:  9 =======> 10
INFO:Compteur:Nouveau message 103:  14 =======> 19
INFO:Compteur:Nouveau message 104:  15 =======> 8
INFO:Compteur:7: Réception de message 30 provenant de 15
INFO:Compteur:7: Réception de message 57 provenant de 17
INFO:Compteur:13: Réception de message 12 provenant de 2
INFO:Compteur:Clock:140
INFO:Compteur:nb_croisements: 35
INFO:Compteur:msg_envoyes: 105
INFO:Compteur:msg_recus: 15
INFO:Compteur:satur_reseau: 369
INFO:Compteur:Nouveau message 105:  5 =======> 11
INFO:Compteur:Nouveau message 106:  13 =======> 11
INFO:Compteur:Nouveau message 107:  17 =======> 20
INFO:Compteur:Nouveau message 108:  18 =======> 12
INFO:Compteur:Clock:145
INFO:Compteur:nb_croisements: 35
INFO:Compteur:msg_envoyes: 109
INFO:Compteur:msg_recus: 15
INFO:Compteur:satur_reseau: 327
INFO:Compteur:Nouveau message 109:  2 =======> 18
INFO:Compteur:Nouveau message 110:  3 =======> 2
INFO:Compteur:Nouveau message 111:  5 =======> 13
INFO:Compteur:Nouveau message 112:  6 =======> 1
INFO:Compteur:Nouveau message 113:  7 =======> 7
INFO:Compteur:Nouveau message 114:  14 =======> 11
INFO:Compteur:Nouveau message 115:  19 =======> 1
INFO:Compteur:8: Réception de message 75 provenant de 16
INFO:Compteur:Clock:150
INFO:Compteur:nb_croisements: 36
INFO:Compteur:msg_envoyes: 116
INFO:Compteur:msg_recus: 16
INFO:Compteur:satur_reseau: 332
INFO:Compteur:Nouveau message 116:  4 =======> 5
INFO:Compteur:Nouveau message 117:  17 =======> 2
INFO:Compteur:Clock:155
INFO:Compteur:nb_croisements: 36
INFO:Compteur:msg_envoyes: 118
INFO:Compteur:msg_recus: 16
INFO:Compteur:satur_reseau: 311
INFO:Compteur:Nouveau message 118:  8 =======> 14
INFO:Compteur:Nouveau message 119:  13 =======> 17
INFO:Compteur:Nouveau message 120:  14 =======> 18
INFO:Compteur:Nouveau message 121:  17 =======> 15
INFO:Compteur:Nouveau message 122:  18 =======> 14
INFO:Compteur:2: Réception de message 64 provenant de 13
INFO:Compteur:Clock:160
INFO:Compteur:nb_croisements: 37
INFO:Compteur:msg_envoyes: 123
INFO:Compteur:msg_recus: 17
INFO:Compteur:satur_reseau: 292
INFO:Compteur:Nouveau message 123:  4 =======> 1
INFO:Compteur:Nouveau message 124:  7 =======> 9
INFO:Compteur:Nouveau message 125:  12 =======> 15
INFO:Compteur:Nouveau message 126:  13 =======> 13
INFO:Compteur:Nouveau message 127:  17 =======> 7
INFO:Compteur:Nouveau message 128:  20 =======> 13
INFO:Compteur:20: Réception de message 49 provenant de 17
INFO:Compteur:Clock:165
INFO:Compteur:nb_croisements: 40
INFO:Compteur:msg_envoyes: 129
INFO:Compteur:msg_recus: 18
INFO:Compteur:satur_reseau: 347
INFO:Compteur:Nouveau message 129:  1 =======> 17
INFO:Compteur:Nouveau message 130:  12 =======> 5
INFO:Compteur:Nouveau message 131:  15 =======> 16
INFO:Compteur:Clock:170
INFO:Compteur:nb_croisements: 40
INFO:Compteur:msg_envoyes: 132
INFO:Compteur:msg_recus: 18
INFO:Compteur:satur_reseau: 337
INFO:Compteur:Nouveau message 132:  3 =======> 4
INFO:Compteur:Nouveau message 133:  8 =======> 11
INFO:Compteur:Nouveau message 134:  17 =======> 20
INFO:Compteur:13: Réception de message 76 provenant de 1
INFO:Compteur:Clock:175
INFO:Compteur:nb_croisements: 42
INFO:Compteur:msg_envoyes: 135
INFO:Compteur:msg_recus: 19
INFO:Compteur:satur_reseau: 365
INFO:Compteur:Nouveau message 135:  3 =======> 7
INFO:Compteur:Nouveau message 136:  10 =======> 3
INFO:Compteur:Nouveau message 137:  12 =======> 13
INFO:Compteur:Nouveau message 138:  13 =======> 20
INFO:Compteur:Nouveau message 139:  18 =======> 5
INFO:Compteur:Nouveau message 140:  19 =======> 16
INFO:Compteur:Clock:180
INFO:Compteur:nb_croisements: 42
INFO:Compteur:msg_envoyes: 141
INFO:Compteur:msg_recus: 19
INFO:Compteur:satur_reseau: 339
INFO:Compteur:Nouveau message 141:  1 =======> 6
INFO:Compteur:Nouveau message 142:  5 =======> 10
INFO:Compteur:Clock:185
INFO:Compteur:nb_croisements: 42
INFO:Compteur:msg_envoyes: 143
INFO:Compteur:msg_recus: 19
INFO:Compteur:satur_reseau: 297
INFO:Compteur:Nouveau message 143:  1 =======> 5
INFO:Compteur:Nouveau message 144:  4 =======> 1
INFO:Compteur:Nouveau message 145:  16 =======> 9
INFO:Compteur:Nouveau message 146:  17 =======> 20
INFO:Compteur:Clock:190
INFO:Compteur:nb_croisements: 42
INFO:Compteur:msg_envoyes: 147
INFO:Compteur:msg_recus: 19
INFO:Compteur:satur_reseau: 286
INFO:Compteur:Nouveau message 147:  4 =======> 7
INFO:Compteur:Nouveau message 148:  7 =======> 15
INFO:Compteur:Nouveau message 149:  8 =======> 8
INFO:Compteur:Nouveau message 150:  12 =======> 7
INFO:Compteur:Nouveau message 151:  14 =======> 6
INFO:Compteur:Nouveau message 152:  17 =======> 11
INFO:Compteur:20: Réception de message 89 provenant de 1
INFO:Compteur:Clock:195
INFO:Compteur:nb_croisements: 44
INFO:Compteur:msg_envoyes: 153
INFO:Compteur:msg_recus: 20
INFO:Compteur:satur_reseau: 314
INFO:Compteur:Nouveau message 153:  8 =======> 14
INFO:Compteur:Nouveau message 154:  9 =======> 15
INFO:Compteur:17: Réception de message 70 provenant de 13
INFO:Compteur:17: Réception de message 119 provenant de 13
INFO:Compteur:17: Réception de message 129 provenant de 1
INFO:Compteur:13: Réception de message 81 provenant de 16
INFO:Compteur:Clock:200
INFO:Compteur:nb_croisements: 46
INFO:Compteur:msg_envoyes: 155
INFO:Compteur:msg_recus: 24
INFO:Compteur:satur_reseau: 338
INFO:Compteur:Clock:205
INFO:Compteur:nb_croisements: 46
INFO:Compteur:msg_envoyes: 155
INFO:Compteur:msg_recus: 24
INFO:Compteur:satur_reseau: 307
INFO:Compteur:Nouveau message 155:  2 =======> 7
INFO:Compteur:Nouveau message 156:  3 =======> 20
INFO:Compteur:Nouveau message 157:  14 =======> 10
INFO:Compteur:Nouveau message 158:  17 =======> 5
INFO:Compteur:Nouveau message 159:  18 =======> 18
INFO:Compteur:20: Réception de message 78 provenant de 12
INFO:Compteur:Clock:210
INFO:Compteur:nb_croisements: 48
INFO:Compteur:msg_envoyes: 160
INFO:Compteur:msg_recus: 25
INFO:Compteur:satur_reseau: 330
INFO:Compteur:Nouveau message 160:  4 =======> 18
INFO:Compteur:Nouveau message 161:  19 =======> 1
INFO:Compteur:Nouveau message 162:  20 =======> 12
INFO:Compteur:Clock:215
INFO:Compteur:nb_croisements: 48
INFO:Compteur:msg_envoyes: 163
INFO:Compteur:msg_recus: 25
INFO:Compteur:satur_reseau: 307
INFO:Compteur:Nouveau message 163:  7 =======> 18
INFO:Compteur:Nouveau message 164:  9 =======> 15
INFO:Compteur:Nouveau message 165:  10 =======> 7
INFO:Compteur:Nouveau message 166:  17 =======> 13
INFO:Compteur:Nouveau message 167:  20 =======> 17
INFO:Compteur:6: Réception de message 95 provenant de 8
INFO:Compteur:8: Réception de message 104 provenant de 15
INFO:Compteur:Clock:220
INFO:Compteur:nb_croisements: 51
INFO:Compteur:msg_envoyes: 168
INFO:Compteur:msg_recus: 27
INFO:Compteur:satur_reseau: 305
INFO:Compteur:Nouveau message 168:  17 =======> 6
INFO:Compteur:9: Réception de message 80 provenant de 6
INFO:Compteur:9: Réception de message 124 provenant de 7
INFO:Compteur:9: Réception de message 87 provenant de 11
INFO:Compteur:Clock:225
INFO:Compteur:nb_croisements: 52
INFO:Compteur:msg_envoyes: 169
INFO:Compteur:msg_recus: 30
INFO:Compteur:satur_reseau: 330
INFO:Compteur:Nouveau message 169:  7 =======> 20
INFO:Compteur:Nouveau message 170:  8 =======> 11
INFO:Compteur:Nouveau message 171:  9 =======> 16
INFO:Compteur:Nouveau message 172:  10 =======> 17
INFO:Compteur:Nouveau message 173:  11 =======> 9
INFO:Compteur:Nouveau message 174:  13 =======> 19
INFO:Compteur:Nouveau message 175:  15 =======> 5
INFO:Compteur:Nouveau message 176:  16 =======> 19
INFO:Compteur:Nouveau message 177:  17 =======> 1
INFO:Compteur:Nouveau message 178:  18 =======> 2
INFO:Compteur:5: Réception de message 84 provenant de 2
INFO:Compteur:5: Réception de message 94 provenant de 13
INFO:Compteur:Clock:230
INFO:Compteur:nb_croisements: 53
INFO:Compteur:msg_envoyes: 179
INFO:Compteur:msg_recus: 32
INFO:Compteur:satur_reseau: 333
INFO:Compteur:Nouveau message 179:  3 =======> 15
INFO:Compteur:Nouveau message 180:  7 =======> 4
INFO:Compteur:Nouveau message 181:  8 =======> 8
INFO:Compteur:Nouveau message 182:  18 =======> 1
INFO:Compteur:7: Réception de message 135 provenant de 3
INFO:Compteur:3: Réception de message 90 provenant de 6
INFO:Compteur:3: Réception de message 93 provenant de 20
INFO:Compteur:5: Réception de message 143 provenant de 1
INFO:Compteur:Clock:235
INFO:Compteur:nb_croisements: 58
INFO:Compteur:msg_envoyes: 183
INFO:Compteur:msg_recus: 36
INFO:Compteur:satur_reseau: 405
INFO:Compteur:Nouveau message 183:  3 =======> 13
INFO:Compteur:Nouveau message 184:  7 =======> 16
INFO:Compteur:Nouveau message 185:  9 =======> 8
INFO:Compteur:7: Réception de message 155 provenant de 2
INFO:Compteur:Clock:240
INFO:Compteur:nb_croisements: 61
INFO:Compteur:msg_envoyes: 186
INFO:Compteur:msg_recus: 37
INFO:Compteur:satur_reseau: 391
INFO:Compteur:Nouveau message 186:  3 =======> 5
INFO:Compteur:Nouveau message 187:  6 =======> 20
INFO:Compteur:Nouveau message 188:  7 =======> 14
INFO:Compteur:Nouveau message 189:  17 =======> 19
INFO:Compteur:Clock:245
INFO:Compteur:nb_croisements: 62
INFO:Compteur:msg_envoyes: 190
INFO:Compteur:msg_recus: 37
INFO:Compteur:satur_reseau: 389
INFO:Compteur:Nouveau message 190:  3 =======> 7
INFO:Compteur:Nouveau message 191:  6 =======> 12
INFO:Compteur:Nouveau message 192:  10 =======> 16
INFO:Compteur:Nouveau message 193:  15 =======> 13
INFO:Compteur:Nouveau message 194:  20 =======> 18
INFO:Compteur:4: Réception de message 132 provenant de 3
INFO:Compteur:18: Réception de message 109 provenant de 2
INFO:Compteur:18: Réception de message 163 provenant de 7
INFO:Compteur:5: Réception de message 139 provenant de 18
INFO:Compteur:5: Réception de message 116 provenant de 4
INFO:Compteur:Clock:250
INFO:Compteur:nb_croisements: 64
INFO:Compteur:msg_envoyes: 195
INFO:Compteur:msg_recus: 42
INFO:Compteur:satur_reseau: 468
INFO:Compteur:Nouveau message 195:  2 =======> 16
INFO:Compteur:Nouveau message 196:  6 =======> 12
INFO:Compteur:Nouveau message 197:  8 =======> 18
INFO:Compteur:Nouveau message 198:  11 =======> 5
INFO:Compteur:Nouveau message 199:  17 =======> 18
INFO:Compteur:7: Réception de message 190 provenant de 3
INFO:Compteur:Clock:255
INFO:Compteur:nb_croisements: 67
INFO:Compteur:msg_envoyes: 200
INFO:Compteur:msg_recus: 43
INFO:Compteur:satur_reseau: 474
INFO:Compteur:Nouveau message 200:  9 =======> 17
INFO:Compteur:Nouveau message 201:  12 =======> 1
INFO:Compteur:Nouveau message 202:  19 =======> 9
INFO:Compteur:Clock:260
INFO:Compteur:nb_croisements: 71
INFO:Compteur:msg_envoyes: 203
INFO:Compteur:msg_recus: 43
INFO:Compteur:satur_reseau: 436
INFO:Compteur:Nouveau message 203:  14 =======> 9
INFO:Compteur:Nouveau message 204:  15 =======> 1
INFO:Compteur:Nouveau message 205:  18 =======> 3
INFO:Compteur:Nouveau message 206:  19 =======> 1
INFO:Compteur:Nouveau message 207:  20 =======> 20
INFO:Compteur:Clock:265
INFO:Compteur:nb_croisements: 72
INFO:Compteur:msg_envoyes: 208
INFO:Compteur:msg_recus: 43
INFO:Compteur:satur_reseau: 401
INFO:Compteur:Nouveau message 208:  1 =======> 1
INFO:Compteur:Nouveau message 209:  4 =======> 17
INFO:Compteur:Nouveau message 210:  15 =======> 8
INFO:Compteur:10: Réception de message 142 provenant de 5
INFO:Compteur:3: Réception de message 136 provenant de 10
INFO:Compteur:7: Réception de message 165 provenant de 10
INFO:Compteur:Clock:270
INFO:Compteur:nb_croisements: 74
INFO:Compteur:msg_envoyes: 211
INFO:Compteur:msg_recus: 46
INFO:Compteur:satur_reseau: 410
INFO:Compteur:Nouveau message 211:  2 =======> 7
INFO:Compteur:Nouveau message 212:  9 =======> 7
INFO:Compteur:Nouveau message 213:  12 =======> 11
INFO:Compteur:Nouveau message 214:  13 =======> 3
INFO:Compteur:Nouveau message 215:  15 =======> 17
INFO:Compteur:Nouveau message 216:  19 =======> 18
INFO:Compteur:Clock:275
INFO:Compteur:nb_croisements: 75
INFO:Compteur:msg_envoyes: 217
INFO:Compteur:msg_recus: 46
INFO:Compteur:satur_reseau: 396
INFO:Compteur:Nouveau message 217:  4 =======> 6
INFO:Compteur:Nouveau message 218:  5 =======> 9
INFO:Compteur:Nouveau message 219:  7 =======> 2
INFO:Compteur:Nouveau message 220:  15 =======> 3
INFO:Compteur:12: Réception de message 162 provenant de 20
INFO:Compteur:Clock:280
INFO:Compteur:nb_croisements: 77
INFO:Compteur:msg_envoyes: 221
INFO:Compteur:msg_recus: 47
INFO:Compteur:satur_reseau: 384
INFO:Compteur:Nouveau message 221:  9 =======> 3
INFO:Compteur:Nouveau message 222:  20 =======> 6
INFO:Compteur:Clock:285
INFO:Compteur:nb_croisements: 79
INFO:Compteur:msg_envoyes: 223
INFO:Compteur:msg_recus: 47
INFO:Compteur:satur_reseau: 370
INFO:Compteur:Nouveau message 223:  3 =======> 3
INFO:Compteur:Nouveau message 224:  12 =======> 19
INFO:Compteur:Nouveau message 225:  16 =======> 10
INFO:Compteur:13: Réception de message 126 provenant de 13
INFO:Compteur:Clock:290
INFO:Compteur:nb_croisements: 80
INFO:Compteur:msg_envoyes: 226
INFO:Compteur:msg_recus: 48
INFO:Compteur:satur_reseau: 376
INFO:Compteur:Nouveau message 226:  2 =======> 5
INFO:Compteur:Nouveau message 227:  7 =======> 19
INFO:Compteur:Nouveau message 228:  11 =======> 14
INFO:Compteur:Nouveau message 229:  19 =======> 2
INFO:Compteur:Clock:295
INFO:Compteur:nb_croisements: 82
INFO:Compteur:msg_envoyes: 230
INFO:Compteur:msg_recus: 48
INFO:Compteur:satur_reseau: 356
INFO:Compteur:Nouveau message 230:  2 =======> 11
INFO:Compteur:Nouveau message 231:  9 =======> 2
INFO:Compteur:Nouveau message 232:  10 =======> 4
INFO:Compteur:2: Réception de message 229 provenant de 19
INFO:Compteur:Clock:300
INFO:Compteur:nb_croisements: 84
INFO:Compteur:msg_envoyes: 233
INFO:Compteur:msg_recus: 49
INFO:Compteur:satur_reseau: 338
INFO:Compteur:Clock:305
INFO:Compteur:nb_croisements: 85
INFO:Compteur:msg_envoyes: 233
INFO:Compteur:msg_recus: 49
INFO:Compteur:satur_reseau: 341
INFO:Compteur:Clock:310
INFO:Compteur:nb_croisements: 85
INFO:Compteur:msg_envoyes: 233
INFO:Compteur:msg_recus: 49
INFO:Compteur:satur_reseau: 313
INFO:Compteur:Clock:315
INFO:Compteur:nb_croisements: 86
INFO:Compteur:msg_envoyes: 233
INFO:Compteur:msg_recus: 49
INFO:Compteur:satur_reseau: 289
INFO:Compteur:9: Réception de message 203 provenant de 14
INFO:Compteur:Clock:320
INFO:Compteur:nb_croisements: 87
INFO:Compteur:msg_envoyes: 233
INFO:Compteur:msg_recus: 50
INFO:Compteur:satur_reseau: 292
INFO:Compteur:14: Réception de message 228 provenant de 11
INFO:Compteur:5: Réception de message 198 provenant de 11
INFO:Compteur:5: Réception de message 175 provenant de 15
INFO:Compteur:Clock:325
INFO:Compteur:nb_croisements: 90
INFO:Compteur:msg_envoyes: 233
INFO:Compteur:msg_recus: 53
INFO:Compteur:satur_reseau: 353
INFO:Compteur:3: Réception de message 205 provenant de 18
INFO:Compteur:Clock:330
INFO:Compteur:nb_croisements: 92
INFO:Compteur:msg_envoyes: 233
INFO:Compteur:msg_recus: 54
INFO:Compteur:satur_reseau: 340
INFO:Compteur:16: Réception de message 171 provenant de 9
INFO:Compteur:9: Réception de message 173 provenant de 11
INFO:Compteur:20: Réception de message 169 provenant de 7
INFO:Compteur:Clock:335
INFO:Compteur:nb_croisements: 94
INFO:Compteur:msg_envoyes: 233
INFO:Compteur:msg_recus: 57
INFO:Compteur:satur_reseau: 361
INFO:Compteur:Clock:340
INFO:Compteur:nb_croisements: 94
INFO:Compteur:msg_envoyes: 233
INFO:Compteur:msg_recus: 57
INFO:Compteur:satur_reseau: 325
INFO:Compteur:Clock:345
INFO:Compteur:nb_croisements: 95
INFO:Compteur:msg_envoyes: 233
INFO:Compteur:msg_recus: 57
INFO:Compteur:satur_reseau: 330
INFO:Compteur:Clock:350
INFO:Compteur:nb_croisements: 95
INFO:Compteur:msg_envoyes: 233
INFO:Compteur:msg_recus: 57
INFO:Compteur:satur_reseau: 254
INFO:Compteur:Clock:355
INFO:Compteur:nb_croisements: 96
INFO:Compteur:msg_envoyes: 233
INFO:Compteur:msg_recus: 57
INFO:Compteur:satur_reseau: 235
INFO:Compteur:5: Réception de message 186 provenant de 3
INFO:Compteur:18: Réception de message 194 provenant de 20
INFO:Compteur:Clock:360
INFO:Compteur:nb_croisements: 97
INFO:Compteur:msg_envoyes: 233
INFO:Compteur:msg_recus: 59
INFO:Compteur:satur_reseau: 226
INFO:Compteur:Clock:365
INFO:Compteur:nb_croisements: 98
INFO:Compteur:msg_envoyes: 233
INFO:Compteur:msg_recus: 59
INFO:Compteur:satur_reseau: 198
INFO:Compteur:Clock:370
INFO:Compteur:nb_croisements: 99
INFO:Compteur:msg_envoyes: 233
INFO:Compteur:msg_recus: 59
INFO:Compteur:satur_reseau: 177
INFO:Compteur:Clock:375
INFO:Compteur:nb_croisements: 100
INFO:Compteur:msg_envoyes: 233
INFO:Compteur:msg_recus: 59
INFO:Compteur:satur_reseau: 161
INFO:Compteur:Clock:380
INFO:Compteur:nb_croisements: 101
INFO:Compteur:msg_envoyes: 233
INFO:Compteur:msg_recus: 59
INFO:Compteur:satur_reseau: 147
INFO:Compteur:6: Réception de message 222 provenant de 20
INFO:Compteur:Clock:385
INFO:Compteur:nb_croisements: 102
INFO:Compteur:msg_envoyes: 233
INFO:Compteur:msg_recus: 60
INFO:Compteur:satur_reseau: 114
INFO:Compteur:17: Réception de message 215 provenant de 15
INFO:Compteur:Clock:390
INFO:Compteur:nb_croisements: 104
INFO:Compteur:msg_envoyes: 233
INFO:Compteur:msg_recus: 61
INFO:Compteur:satur_reseau: 103
INFO:Compteur:Clock:395
INFO:Compteur:nb_croisements: 104
INFO:Compteur:msg_envoyes: 233
INFO:Compteur:msg_recus: 61
INFO:Compteur:satur_reseau: 76
INFO:Compteur:Clock:400
INFO:Compteur:nb_croisements: 106
INFO:Compteur:msg_envoyes: 233
INFO:Compteur:msg_recus: 61
INFO:Compteur:satur_reseau: 63
INFO:Compteur:Clock:405
INFO:Compteur:nb_croisements: 109
INFO:Compteur:msg_envoyes: 233
INFO:Compteur:msg_recus: 61
INFO:Compteur:satur_reseau: 57
INFO:Compteur:Clock:410
INFO:Compteur:nb_croisements: 110
INFO:Compteur:msg_envoyes: 233
INFO:Compteur:msg_recus: 61
INFO:Compteur:satur_reseau: 40
INFO:Compteur:Clock:415
INFO:Compteur:nb_croisements: 110
INFO:Compteur:msg_envoyes: 233
INFO:Compteur:msg_recus: 61
INFO:Compteur:satur_reseau: 20
INFO:Compteur:Clock:420
INFO:Compteur:nb_croisements: 111
INFO:Compteur:msg_envoyes: 233
INFO:Compteur:msg_recus: 61
INFO:Compteur:satur_reseau: 5
INFO:Compteur:Clock:425
INFO:Compteur:nb_croisements: 111
INFO:Compteur:msg_envoyes: 233
INFO:Compteur:msg_recus: 61
INFO:Compteur:satur_reseau: 0
INFO:Compteur:Clock:430
INFO:Compteur:nb_croisements: 114
INFO:Compteur:msg_envoyes: 233
INFO:Compteur:msg_recus: 61
INFO:Compteur:satur_reseau: 0
INFO:Compteur:Clock:435
INFO:Compteur:nb_croisements: 114
INFO:Compteur:msg_envoyes: 233
INFO:Compteur:msg_recus: 61
INFO:Compteur:satur_reseau: 0
INFO:Compteur:Clock:440
INFO:Compteur:nb_croisements: 116
INFO:Compteur:msg_envoyes: 233
INFO:Compteur:msg_recus: 61
INFO:Compteur:satur_reseau: 0
INFO:Compteur:Clock:445
INFO:Compteur:nb_croisements: 119
INFO:Compteur:msg_envoyes: 233
INFO:Compteur:msg_recus: 61
INFO:Compteur:satur_reseau: 0
INFO:Compteur:Clock:450
INFO:Compteur:nb_croisements: 119
INFO:Compteur:msg_envoyes: 233
INFO:Compteur:msg_recus: 61
INFO:Compteur:satur_reseau: 0
INFO:Compteur:Clock:455
INFO:Compteur:nb_croisements: 120
INFO:Compteur:msg_envoyes: 233
INFO:Compteur:msg_recus: 61
INFO:Compteur:satur_reseau: 0
INFO:Compteur:Clock:460
INFO:Compteur:nb_croisements: 123
INFO:Compteur:msg_envoyes: 233
INFO:Compteur:msg_recus: 61
INFO:Compteur:satur_reseau: 0
INFO:Compteur:Clock:465
INFO:Compteur:nb_croisements: 124
INFO:Compteur:msg_envoyes: 233
INFO:Compteur:msg_recus: 61
INFO:Compteur:satur_reseau: 0
INFO:Compteur:Clock:470
INFO:Compteur:nb_croisements: 126
INFO:Compteur:msg_envoyes: 233
INFO:Compteur:msg_recus: 61
INFO:Compteur:satur_reseau: 0
INFO:Compteur:Clock:475
INFO:Compteur:nb_croisements: 127
INFO:Compteur:msg_envoyes: 233
INFO:Compteur:msg_recus: 61
INFO:Compteur:satur_reseau: 0
INFO:Compteur:Clock:480
INFO:Compteur:nb_croisements: 127
INFO:Compteur:msg_envoyes: 233
INFO:Compteur:msg_recus: 61
INFO:Compteur:satur_reseau: 0
INFO:Compteur:Clock:485
INFO:Compteur:nb_croisements: 128
INFO:Compteur:msg_envoyes: 233
INFO:Compteur:msg_recus: 61
INFO:Compteur:satur_reseau: 0
INFO:Compteur:Clock:490
INFO:Compteur:nb_croisements: 129
INFO:Compteur:msg_envoyes: 233
INFO:Compteur:msg_recus: 61
INFO:Compteur:satur_reseau: 0
INFO:Compteur:Clock:495
INFO:Compteur:nb_croisements: 130
INFO:Compteur:msg_envoyes: 233
INFO:Compteur:msg_recus: 61
INFO:Compteur:satur_reseau: 0
INFO:Compteur:Clock:500
INFO:Compteur:nb_croisements: 133
INFO:Compteur:msg_envoyes: 233
INFO:Compteur:msg_recus: 61
INFO:Compteur:satur_reseau: 0
INFO:Compteur:Clock:505
INFO:Compteur:nb_croisements: 133
INFO:Compteur:msg_envoyes: 233
INFO:Compteur:msg_recus: 61
INFO:Compteur:satur_reseau: 0
INFO:Compteur:Clock:510
INFO:Compteur:nb_croisements: 137
INFO:Compteur:msg_envoyes: 233
INFO:Compteur:msg_recus: 61
INFO:Compteur:satur_reseau: 0
INFO:Compteur:Clock:515
INFO:Compteur:nb_croisements: 139
INFO:Compteur:msg_envoyes: 233
INFO:Compteur:msg_recus: 61
INFO:Compteur:satur_reseau: 0
INFO:Compteur:Clock:520
INFO:Compteur:nb_croisements: 139
INFO:Compteur:msg_envoyes: 233
INFO:Compteur:msg_recus: 61
INFO:Compteur:satur_reseau: 0
INFO:Compteur:Clock:525
INFO:Compteur:nb_croisements: 141
INFO:Compteur:msg_envoyes: 233
INFO:Compteur:msg_recus: 61
INFO:Compteur:satur_reseau: 0
INFO:Compteur:Clock:530
INFO:Compteur:nb_croisements: 142
INFO:Compteur:msg_envoyes: 233
INFO:Compteur:msg_recus: 61
INFO:Compteur:satur_reseau: 0
INFO:Compteur:Clock:535
INFO:Compteur:nb_croisements: 143
INFO:Compteur:msg_envoyes: 233
INFO:Compteur:msg_recus: 61
INFO:Compteur:satur_reseau: 0
INFO:Compteur:Clock:540
INFO:Compteur:nb_croisements: 145
INFO:Compteur:msg_envoyes: 233
INFO:Compteur:msg_recus: 61
INFO:Compteur:satur_reseau: 0
INFO:Compteur:Clock:545
INFO:Compteur:nb_croisements: 148
INFO:Compteur:msg_envoyes: 233
INFO:Compteur:msg_recus: 61
INFO:Compteur:satur_reseau: 0
INFO:Compteur:Clock:550
INFO:Compteur:nb_croisements: 149
INFO:Compteur:msg_envoyes: 233
INFO:Compteur:msg_recus: 61
INFO:Compteur:satur_reseau: 0
INFO:Compteur:Clock:555
INFO:Compteur:nb_croisements: 151
INFO:Compteur:msg_envoyes: 233
INFO:Compteur:msg_recus: 61
INFO:Compteur:satur_reseau: 0
INFO:Compteur:Clock:560
INFO:Compteur:nb_croisements: 153
INFO:Compteur:msg_envoyes: 233
INFO:Compteur:msg_recus: 61
INFO:Compteur:satur_reseau: 0
INFO:Compteur:Clock:565
INFO:Compteur:nb_croisements: 153
INFO:Compteur:msg_envoyes: 233
INFO:Compteur:msg_recus: 61
INFO:Compteur:satur_reseau: 0
INFO:Compteur:Clock:570
INFO:Compteur:nb_croisements: 157
INFO:Compteur:msg_envoyes: 233
INFO:Compteur:msg_recus: 61
INFO:Compteur:satur_reseau: 0
INFO:Compteur:Clock:575
INFO:Compteur:nb_croisements: 159
INFO:Compteur:msg_envoyes: 233
INFO:Compteur:msg_recus: 61
INFO:Compteur:satur_reseau: 0
INFO:Compteur:Clock:580
INFO:Compteur:nb_croisements: 159
INFO:Compteur:msg_envoyes: 233
INFO:Compteur:msg_recus: 61
INFO:Compteur:satur_reseau: 0
INFO:Compteur:Clock:585
INFO:Compteur:nb_croisements: 160
INFO:Compteur:msg_envoyes: 233
INFO:Compteur:msg_recus: 61
INFO:Compteur:satur_reseau: 0
INFO:Compteur:Clock:590
INFO:Compteur:nb_croisements: 160
INFO:Compteur:msg_envoyes: 233
INFO:Compteur:msg_recus: 61
INFO:Compteur:satur_reseau: 0
INFO:Compteur:Clock:595
INFO:Compteur:nb_croisements: 161
INFO:Compteur:msg_envoyes: 233
INFO:Compteur:msg_recus: 61
INFO:Compteur:satur_reseau: 0
INFO:Compteur:Clock:600
INFO:Compteur:nb_croisements: 161
INFO:Compteur:msg_envoyes: 233
INFO:Compteur:msg_recus: 61
INFO:Compteur:satur_reseau: 0
INFO:Compteur:Nouveau message 0:  3 =======> 1
INFO:Compteur:Nouveau message 1:  6 =======> 5
INFO:Compteur:Nouveau message 2:  12 =======> 10
INFO:Compteur:Nouveau message 3:  19 =======> 2
INFO:Compteur:

Clock:5
INFO:Compteur:nb_croisements: 3
INFO:Compteur:msg_envoyes: 4
INFO:Compteur:msg_recus: 0
INFO:Compteur:satur_reseau: 4


INFO:Compteur:Nouveau message 4:  2 =======> 7
INFO:Compteur:Nouveau message 5:  3 =======> 3
INFO:Compteur:Nouveau message 6:  12 =======> 7
INFO:Compteur:Nouveau message 7:  15 =======> 2
INFO:Compteur:Nouveau message 8:  18 =======> 3
INFO:Compteur:Nouveau message 9:  19 =======> 1
INFO:Compteur:Nouveau message 10:  20 =======> 13
INFO:Compteur:

Clock:10
INFO:Compteur:nb_croisements: 4
INFO:Compteur:msg_envoyes: 11
INFO:Compteur:msg_recus: 0
INFO:Compteur:satur_reseau: 13


INFO:Compteur:Nouveau message 11:  3 =======> 20
INFO:Compteur:Nouveau message 12:  5 =======> 14
INFO:Compteur:Nouveau message 13:  8 =======> 12
INFO:Compteur:

Clock:15
INFO:Compteur:nb_croisements: 4
INFO:Compteur:msg_envoyes: 14
INFO:Compteur:msg_recus: 0
INFO:Compteur:satur_reseau: 16


INFO:Compteur:Nouveau message 14:  1 =======> 14
INFO:Compteur:Nouveau message 15:  6 =======> 3
INFO:Compteur:Nouveau message 16:  9 =======> 16
INFO:Compteur:Nouveau message 17:  11 =======> 12
INFO:Compteur:Nouveau message 18:  18 =======> 6
INFO:Compteur:

Clock:20
INFO:Compteur:nb_croisements: 5
INFO:Compteur:msg_envoyes: 19
INFO:Compteur:msg_recus: 0
INFO:Compteur:satur_reseau: 24


INFO:Compteur:Nouveau message 19:  1 =======> 5
INFO:Compteur:Nouveau message 20:  5 =======> 8
INFO:Compteur:Nouveau message 21:  10 =======> 18
INFO:Compteur:Nouveau message 22:  18 =======> 8
INFO:Compteur:

Clock:25
INFO:Compteur:nb_croisements: 7
INFO:Compteur:msg_envoyes: 23
INFO:Compteur:msg_recus: 0
INFO:Compteur:satur_reseau: 30


INFO:Compteur:Nouveau message 23:  4 =======> 19
INFO:Compteur:Nouveau message 24:  6 =======> 15
INFO:Compteur:Nouveau message 25:  16 =======> 3
INFO:Compteur:Nouveau message 26:  17 =======> 3
INFO:Compteur:Nouveau message 27:  19 =======> 16
INFO:Compteur:

Clock:30
INFO:Compteur:nb_croisements: 7
INFO:Compteur:msg_envoyes: 28
INFO:Compteur:msg_recus: 0
INFO:Compteur:satur_reseau: 35


INFO:Compteur:Nouveau message 28:  7 =======> 7
INFO:Compteur:

Clock:35
INFO:Compteur:nb_croisements: 8
INFO:Compteur:msg_envoyes: 29
INFO:Compteur:msg_recus: 0
INFO:Compteur:satur_reseau: 41


INFO:Compteur:Nouveau message 29:  5 =======> 13
INFO:Compteur:Nouveau message 30:  6 =======> 2
INFO:Compteur:Nouveau message 31:  14 =======> 10
INFO:Compteur:Nouveau message 32:  20 =======> 5
INFO:Compteur:

Clock:40
INFO:Compteur:nb_croisements: 8
INFO:Compteur:msg_envoyes: 33
INFO:Compteur:msg_recus: 0
INFO:Compteur:satur_reseau: 45


INFO:Compteur:Nouveau message 33:  3 =======> 5
INFO:Compteur:Nouveau message 34:  19 =======> 3
INFO:Compteur:

Clock:45
INFO:Compteur:nb_croisements: 9
INFO:Compteur:msg_envoyes: 35
INFO:Compteur:msg_recus: 0
INFO:Compteur:satur_reseau: 51


INFO:Compteur:Nouveau message 35:  1 =======> 15
INFO:Compteur:Nouveau message 36:  8 =======> 4
INFO:Compteur:Nouveau message 37:  9 =======> 6
INFO:Compteur:Nouveau message 38:  13 =======> 14
INFO:Compteur:

Clock:50
INFO:Compteur:nb_croisements: 9
INFO:Compteur:msg_envoyes: 39
INFO:Compteur:msg_recus: 0
INFO:Compteur:satur_reseau: 55


INFO:Compteur:Nouveau message 39:  5 =======> 6
INFO:Compteur:Nouveau message 40:  16 =======> 17
INFO:Compteur:

Clock:55
INFO:Compteur:nb_croisements: 9
INFO:Compteur:msg_envoyes: 41
INFO:Compteur:msg_recus: 0
INFO:Compteur:satur_reseau: 57


INFO:Compteur:Nouveau message 41:  1 =======> 2
INFO:Compteur:Nouveau message 42:  7 =======> 13
INFO:Compteur:Nouveau message 43:  11 =======> 7
INFO:Compteur:

Clock:60
INFO:Compteur:nb_croisements: 9
INFO:Compteur:msg_envoyes: 44
INFO:Compteur:msg_recus: 0
INFO:Compteur:satur_reseau: 60


INFO:Compteur:Nouveau message 44:  9 =======> 8
INFO:Compteur:Nouveau message 45:  17 =======> 10
INFO:Compteur:15: Réception de message 24 provenant de 6
INFO:Compteur:

Clock:65
INFO:Compteur:nb_croisements: 11
INFO:Compteur:msg_envoyes: 46
INFO:Compteur:msg_recus: 1
INFO:Compteur:satur_reseau: 70


INFO:Compteur:Nouveau message 46:  1 =======> 1
INFO:Compteur:Nouveau message 47:  8 =======> 11
INFO:Compteur:Nouveau message 48:  10 =======> 6
INFO:Compteur:Nouveau message 49:  15 =======> 2
INFO:Compteur:1: Réception de message 9 provenant de 19
INFO:Compteur:2: Réception de message 3 provenant de 19
INFO:Compteur:

Clock:70
INFO:Compteur:nb_croisements: 13
INFO:Compteur:msg_envoyes: 50
INFO:Compteur:msg_recus: 3
INFO:Compteur:satur_reseau: 95


INFO:Compteur:Nouveau message 50:  2 =======> 17
INFO:Compteur:Nouveau message 51:  6 =======> 10
INFO:Compteur:Nouveau message 52:  7 =======> 14
INFO:Compteur:Nouveau message 53:  8 =======> 16
INFO:Compteur:Nouveau message 54:  10 =======> 9
INFO:Compteur:Nouveau message 55:  13 =======> 5
INFO:Compteur:Nouveau message 56:  20 =======> 8
INFO:Compteur:

Clock:75
INFO:Compteur:nb_croisements: 14
INFO:Compteur:msg_envoyes: 57
INFO:Compteur:msg_recus: 3
INFO:Compteur:satur_reseau: 111


INFO:Compteur:Nouveau message 57:  1 =======> 15
INFO:Compteur:Nouveau message 58:  5 =======> 5
INFO:Compteur:Nouveau message 59:  11 =======> 5
INFO:Compteur:Nouveau message 60:  15 =======> 12
INFO:Compteur:Nouveau message 61:  19 =======> 3
INFO:Compteur:

Clock:80
INFO:Compteur:nb_croisements: 15
INFO:Compteur:msg_envoyes: 62
INFO:Compteur:msg_recus: 3
INFO:Compteur:satur_reseau: 122


INFO:Compteur:Nouveau message 62:  1 =======> 4
INFO:Compteur:Nouveau message 63:  5 =======> 7
INFO:Compteur:Nouveau message 64:  7 =======> 2
INFO:Compteur:Nouveau message 65:  11 =======> 12
INFO:Compteur:Nouveau message 66:  13 =======> 15
INFO:Compteur:Nouveau message 67:  19 =======> 10
INFO:Compteur:7: Réception de message 6 provenant de 12
INFO:Compteur:7: Réception de message 4 provenant de 2
INFO:Compteur:

Clock:85
INFO:Compteur:nb_croisements: 16
INFO:Compteur:msg_envoyes: 68
INFO:Compteur:msg_recus: 5
INFO:Compteur:satur_reseau: 141


INFO:Compteur:Nouveau message 68:  9 =======> 12
INFO:Compteur:Nouveau message 69:  10 =======> 17
INFO:Compteur:Nouveau message 70:  16 =======> 5
INFO:Compteur:

Clock:90
INFO:Compteur:nb_croisements: 20
INFO:Compteur:msg_envoyes: 71
INFO:Compteur:msg_recus: 5
INFO:Compteur:satur_reseau: 193


INFO:Compteur:Nouveau message 71:  13 =======> 16
INFO:Compteur:Nouveau message 72:  14 =======> 4
INFO:Compteur:Nouveau message 73:  20 =======> 11
INFO:Compteur:

Clock:95
INFO:Compteur:nb_croisements: 26
INFO:Compteur:msg_envoyes: 74
INFO:Compteur:msg_recus: 5
INFO:Compteur:satur_reseau: 226


INFO:Compteur:Nouveau message 74:  3 =======> 14
INFO:Compteur:Nouveau message 75:  6 =======> 14
INFO:Compteur:

Clock:100
INFO:Compteur:nb_croisements: 29
INFO:Compteur:msg_envoyes: 76
INFO:Compteur:msg_recus: 5
INFO:Compteur:satur_reseau: 254


INFO:Compteur:Nouveau message 76:  6 =======> 6
INFO:Compteur:Nouveau message 77:  12 =======> 7
INFO:Compteur:

Clock:105
INFO:Compteur:nb_croisements: 30
INFO:Compteur:msg_envoyes: 78
INFO:Compteur:msg_recus: 5
INFO:Compteur:satur_reseau: 266


INFO:Compteur:Nouveau message 78:  5 =======> 17
INFO:Compteur:Nouveau message 79:  7 =======> 10
INFO:Compteur:Nouveau message 80:  8 =======> 1
INFO:Compteur:Nouveau message 81:  10 =======> 13
INFO:Compteur:Nouveau message 82:  14 =======> 13
INFO:Compteur:Nouveau message 83:  20 =======> 9
INFO:Compteur:6: Réception de message 37 provenant de 9
INFO:Compteur:12: Réception de message 17 provenant de 11
INFO:Compteur:12: Réception de message 13 provenant de 8
INFO:Compteur:12: Réception de message 68 provenant de 9
INFO:Compteur:

Clock:110
INFO:Compteur:nb_croisements: 33
INFO:Compteur:msg_envoyes: 84
INFO:Compteur:msg_recus: 9
INFO:Compteur:satur_reseau: 356


INFO:Compteur:Nouveau message 84:  10 =======> 7
INFO:Compteur:Nouveau message 85:  17 =======> 16
INFO:Compteur:Nouveau message 86:  19 =======> 12
INFO:Compteur:

Clock:115
INFO:Compteur:nb_croisements: 33
INFO:Compteur:msg_envoyes: 87
INFO:Compteur:msg_recus: 9
INFO:Compteur:satur_reseau: 359


INFO:Compteur:Nouveau message 87:  7 =======> 15
INFO:Compteur:Nouveau message 88:  11 =======> 20
INFO:Compteur:Nouveau message 89:  16 =======> 9
INFO:Compteur:17: Réception de message 40 provenant de 16
INFO:Compteur:16: Réception de message 85 provenant de 17
INFO:Compteur:12: Réception de message 65 provenant de 11
INFO:Compteur:11: Réception de message 73 provenant de 20
INFO:Compteur:14: Réception de message 74 provenant de 3
INFO:Compteur:

Clock:120
INFO:Compteur:nb_croisements: 36
INFO:Compteur:msg_envoyes: 90
INFO:Compteur:msg_recus: 14
INFO:Compteur:satur_reseau: 416


INFO:Compteur:Nouveau message 90:  2 =======> 20
INFO:Compteur:Nouveau message 91:  3 =======> 4
INFO:Compteur:Nouveau message 92:  6 =======> 2
INFO:Compteur:Nouveau message 93:  12 =======> 2
INFO:Compteur:Nouveau message 94:  13 =======> 12
INFO:Compteur:

Clock:125
INFO:Compteur:nb_croisements: 37
INFO:Compteur:msg_envoyes: 95
INFO:Compteur:msg_recus: 14
INFO:Compteur:satur_reseau: 433


INFO:Compteur:Nouveau message 95:  2 =======> 17
INFO:Compteur:Nouveau message 96:  4 =======> 20
INFO:Compteur:Nouveau message 97:  13 =======> 4
INFO:Compteur:

Clock:130
INFO:Compteur:nb_croisements: 37
INFO:Compteur:msg_envoyes: 98
INFO:Compteur:msg_recus: 14
INFO:Compteur:satur_reseau: 436


INFO:Compteur:Nouveau message 98:  4 =======> 5
INFO:Compteur:Nouveau message 99:  8 =======> 7
INFO:Compteur:Nouveau message 100:  9 =======> 20
INFO:Compteur:Nouveau message 101:  18 =======> 13
INFO:Compteur:

Clock:135
INFO:Compteur:nb_croisements: 40
INFO:Compteur:msg_envoyes: 102
INFO:Compteur:msg_recus: 14
INFO:Compteur:satur_reseau: 456


INFO:Compteur:Nouveau message 102:  1 =======> 10
INFO:Compteur:Nouveau message 103:  16 =======> 16
INFO:Compteur:

Clock:140
INFO:Compteur:nb_croisements: 40
INFO:Compteur:msg_envoyes: 104
INFO:Compteur:msg_recus: 14
INFO:Compteur:satur_reseau: 458


INFO:Compteur:Nouveau message 104:  3 =======> 3
INFO:Compteur:Nouveau message 105:  4 =======> 1
INFO:Compteur:Nouveau message 106:  6 =======> 17
INFO:Compteur:Nouveau message 107:  7 =======> 11
INFO:Compteur:

Clock:145
INFO:Compteur:nb_croisements: 42
INFO:Compteur:msg_envoyes: 108
INFO:Compteur:msg_recus: 14
INFO:Compteur:satur_reseau: 499


INFO:Compteur:Nouveau message 108:  2 =======> 19
INFO:Compteur:Nouveau message 109:  3 =======> 16
INFO:Compteur:Nouveau message 110:  6 =======> 15
INFO:Compteur:Nouveau message 111:  17 =======> 15
INFO:Compteur:Nouveau message 112:  19 =======> 16
INFO:Compteur:6: Réception de message 18 provenant de 18
INFO:Compteur:

Clock:150
INFO:Compteur:nb_croisements: 44
INFO:Compteur:msg_envoyes: 113
INFO:Compteur:msg_recus: 15
INFO:Compteur:satur_reseau: 528


INFO:Compteur:Nouveau message 113:  2 =======> 7
INFO:Compteur:Nouveau message 114:  10 =======> 1
INFO:Compteur:Nouveau message 115:  13 =======> 10
INFO:Compteur:20: Réception de message 90 provenant de 2
INFO:Compteur:

Clock:155
INFO:Compteur:nb_croisements: 45
INFO:Compteur:msg_envoyes: 116
INFO:Compteur:msg_recus: 16
INFO:Compteur:satur_reseau: 573


INFO:Compteur:Nouveau message 116:  5 =======> 5
INFO:Compteur:Nouveau message 117:  6 =======> 4
INFO:Compteur:Nouveau message 118:  11 =======> 2
INFO:Compteur:Nouveau message 119:  13 =======> 14
INFO:Compteur:Nouveau message 120:  19 =======> 4
INFO:Compteur:10: Réception de message 51 provenant de 6
INFO:Compteur:10: Réception de message 2 provenant de 12
INFO:Compteur:10: Réception de message 45 provenant de 17
INFO:Compteur:18: Réception de message 21 provenant de 10
INFO:Compteur:

Clock:160
INFO:Compteur:nb_croisements: 46
INFO:Compteur:msg_envoyes: 121
INFO:Compteur:msg_recus: 20
INFO:Compteur:satur_reseau: 615


INFO:Compteur:Nouveau message 121:  1 =======> 18
INFO:Compteur:Nouveau message 122:  5 =======> 9
INFO:Compteur:Nouveau message 123:  6 =======> 17
INFO:Compteur:Nouveau message 124:  8 =======> 2
INFO:Compteur:Nouveau message 125:  10 =======> 10
INFO:Compteur:Nouveau message 126:  12 =======> 4
INFO:Compteur:Nouveau message 127:  15 =======> 11
INFO:Compteur:Nouveau message 128:  20 =======> 3
INFO:Compteur:20: Réception de message 100 provenant de 9
INFO:Compteur:9: Réception de message 83 provenant de 20
INFO:Compteur:17: Réception de message 69 provenant de 10
INFO:Compteur:

Clock:165
INFO:Compteur:nb_croisements: 49
INFO:Compteur:msg_envoyes: 129
INFO:Compteur:msg_recus: 23
INFO:Compteur:satur_reseau: 667


INFO:Compteur:Nouveau message 129:  19 =======> 15
INFO:Compteur:5: Réception de message 1 provenant de 6
INFO:Compteur:5: Réception de message 98 provenant de 4
INFO:Compteur:5: Réception de message 32 provenant de 20
INFO:Compteur:5: Réception de message 70 provenant de 16
INFO:Compteur:

Clock:170
INFO:Compteur:nb_croisements: 51
INFO:Compteur:msg_envoyes: 130
INFO:Compteur:msg_recus: 27
INFO:Compteur:satur_reseau: 730


INFO:Compteur:Nouveau message 130:  3 =======> 20
INFO:Compteur:Nouveau message 131:  6 =======> 4
INFO:Compteur:Nouveau message 132:  8 =======> 15
INFO:Compteur:Nouveau message 133:  11 =======> 8
INFO:Compteur:Nouveau message 134:  13 =======> 5
INFO:Compteur:Nouveau message 135:  18 =======> 11
INFO:Compteur:

Clock:175
INFO:Compteur:nb_croisements: 52
INFO:Compteur:msg_envoyes: 136
INFO:Compteur:msg_recus: 27
INFO:Compteur:satur_reseau: 758


INFO:Compteur:Nouveau message 136:  2 =======> 8
INFO:Compteur:Nouveau message 137:  5 =======> 7
INFO:Compteur:Nouveau message 138:  6 =======> 2
INFO:Compteur:Nouveau message 139:  10 =======> 11
INFO:Compteur:

Clock:180
INFO:Compteur:nb_croisements: 53
INFO:Compteur:msg_envoyes: 140
INFO:Compteur:msg_recus: 27
INFO:Compteur:satur_reseau: 767


INFO:Compteur:Nouveau message 140:  3 =======> 16
INFO:Compteur:Nouveau message 141:  5 =======> 13
INFO:Compteur:Nouveau message 142:  8 =======> 8
INFO:Compteur:Nouveau message 143:  20 =======> 11
INFO:Compteur:11: Réception de message 47 provenant de 8
INFO:Compteur:

Clock:185
INFO:Compteur:nb_croisements: 54
INFO:Compteur:msg_envoyes: 144
INFO:Compteur:msg_recus: 28
INFO:Compteur:satur_reseau: 794


INFO:Compteur:Nouveau message 144:  10 =======> 17
INFO:Compteur:Nouveau message 145:  11 =======> 4
INFO:Compteur:Nouveau message 146:  15 =======> 8
INFO:Compteur:Nouveau message 147:  19 =======> 7
INFO:Compteur:4: Réception de message 72 provenant de 14
INFO:Compteur:4: Réception de message 91 provenant de 3
INFO:Compteur:3: Réception de message 25 provenant de 16
INFO:Compteur:3: Réception de message 15 provenant de 6
INFO:Compteur:2: Réception de message 30 provenant de 6
INFO:Compteur:2: Réception de message 7 provenant de 15
INFO:Compteur:2: Réception de message 64 provenant de 7
INFO:Compteur:2: Réception de message 41 provenant de 1
INFO:Compteur:2: Réception de message 92 provenant de 6
INFO:Compteur:

Clock:190
INFO:Compteur:nb_croisements: 56
INFO:Compteur:msg_envoyes: 148
INFO:Compteur:msg_recus: 37
INFO:Compteur:satur_reseau: 872


INFO:Compteur:Nouveau message 148:  3 =======> 4
INFO:Compteur:Nouveau message 149:  10 =======> 8
INFO:Compteur:Nouveau message 150:  11 =======> 13
INFO:Compteur:14: Réception de message 12 provenant de 5
INFO:Compteur:

Clock:195
INFO:Compteur:nb_croisements: 57
INFO:Compteur:msg_envoyes: 151
INFO:Compteur:msg_recus: 38
INFO:Compteur:satur_reseau: 900


INFO:Compteur:Nouveau message 151:  3 =======> 6
INFO:Compteur:Nouveau message 152:  4 =======> 15
INFO:Compteur:Nouveau message 153:  8 =======> 12
INFO:Compteur:Nouveau message 154:  10 =======> 11
INFO:Compteur:Nouveau message 155:  19 =======> 18
INFO:Compteur:3: Réception de message 8 provenant de 18
INFO:Compteur:3: Réception de message 26 provenant de 17
INFO:Compteur:

Clock:200
INFO:Compteur:nb_croisements: 59
INFO:Compteur:msg_envoyes: 156
INFO:Compteur:msg_recus: 40
INFO:Compteur:satur_reseau: 955


INFO:Compteur:Nouveau message 156:  7 =======> 3
INFO:Compteur:Nouveau message 157:  12 =======> 6
INFO:Compteur:Nouveau message 158:  15 =======> 6
INFO:Compteur:Nouveau message 159:  18 =======> 2
INFO:Compteur:

Clock:205
INFO:Compteur:nb_croisements: 59
INFO:Compteur:msg_envoyes: 160
INFO:Compteur:msg_recus: 40
INFO:Compteur:satur_reseau: 959


INFO:Compteur:Nouveau message 160:  2 =======> 4
INFO:Compteur:Nouveau message 161:  5 =======> 4
INFO:Compteur:Nouveau message 162:  6 =======> 14
INFO:Compteur:Nouveau message 163:  8 =======> 14
INFO:Compteur:Nouveau message 164:  11 =======> 10
INFO:Compteur:8: Réception de message 44 provenant de 9
INFO:Compteur:8: Réception de message 56 provenant de 20
INFO:Compteur:8: Réception de message 22 provenant de 18
INFO:Compteur:8: Réception de message 133 provenant de 11
INFO:Compteur:

Clock:210
INFO:Compteur:nb_croisements: 60
INFO:Compteur:msg_envoyes: 165
INFO:Compteur:msg_recus: 44
INFO:Compteur:satur_reseau: 1024


INFO:Compteur:Nouveau message 165:  2 =======> 14
INFO:Compteur:Nouveau message 166:  8 =======> 14
INFO:Compteur:10: Réception de message 31 provenant de 14
INFO:Compteur:6: Réception de message 48 provenant de 10
INFO:Compteur:6: Réception de message 39 provenant de 5
INFO:Compteur:16: Réception de message 16 provenant de 9
INFO:Compteur:5: Réception de message 19 provenant de 1
INFO:Compteur:5: Réception de message 59 provenant de 11
INFO:Compteur:2: Réception de message 118 provenant de 11
INFO:Compteur:11: Réception de message 143 provenant de 20
INFO:Compteur:

Clock:215
INFO:Compteur:nb_croisements: 64
INFO:Compteur:msg_envoyes: 167
INFO:Compteur:msg_recus: 52
INFO:Compteur:satur_reseau: 1169


INFO:Compteur:Nouveau message 167:  8 =======> 12
INFO:Compteur:Nouveau message 168:  13 =======> 6
INFO:Compteur:Nouveau message 169:  16 =======> 1
INFO:Compteur:

Clock:220
INFO:Compteur:nb_croisements: 65
INFO:Compteur:msg_envoyes: 170
INFO:Compteur:msg_recus: 52
INFO:Compteur:satur_reseau: 1175


INFO:Compteur:Nouveau message 170:  3 =======> 15
INFO:Compteur:Nouveau message 171:  7 =======> 18
INFO:Compteur:Nouveau message 172:  19 =======> 13
INFO:Compteur:Nouveau message 173:  20 =======> 14
INFO:Compteur:8: Réception de message 20 provenant de 5
INFO:Compteur:16: Réception de message 53 provenant de 8
INFO:Compteur:16: Réception de message 27 provenant de 19
INFO:Compteur:16: Réception de message 112 provenant de 19
INFO:Compteur:

Clock:225
INFO:Compteur:nb_croisements: 68
INFO:Compteur:msg_envoyes: 174
INFO:Compteur:msg_recus: 56
INFO:Compteur:satur_reseau: 1289


INFO:Compteur:Nouveau message 174:  4 =======> 12
INFO:Compteur:Nouveau message 175:  5 =======> 6
INFO:Compteur:Nouveau message 176:  7 =======> 8
INFO:Compteur:Nouveau message 177:  17 =======> 18
INFO:Compteur:Nouveau message 178:  20 =======> 7
INFO:Compteur:16: Réception de message 109 provenant de 3
INFO:Compteur:16: Réception de message 140 provenant de 3
INFO:Compteur:14: Réception de message 52 provenant de 7
INFO:Compteur:14: Réception de message 75 provenant de 6
INFO:Compteur:14: Réception de message 14 provenant de 1
INFO:Compteur:14: Réception de message 162 provenant de 6
INFO:Compteur:14: Réception de message 163 provenant de 8
INFO:Compteur:14: Réception de message 166 provenant de 8
INFO:Compteur:

Clock:230
INFO:Compteur:nb_croisements: 69
INFO:Compteur:msg_envoyes: 179
INFO:Compteur:msg_recus: 64
INFO:Compteur:satur_reseau: 1397


INFO:Compteur:Nouveau message 179:  1 =======> 11
INFO:Compteur:Nouveau message 180:  5 =======> 12
INFO:Compteur:Nouveau message 181:  7 =======> 10
INFO:Compteur:Nouveau message 182:  8 =======> 7
INFO:Compteur:Nouveau message 183:  12 =======> 2
INFO:Compteur:Nouveau message 184:  13 =======> 9
INFO:Compteur:

Clock:235
INFO:Compteur:nb_croisements: 69
INFO:Compteur:msg_envoyes: 185
INFO:Compteur:msg_recus: 64
INFO:Compteur:satur_reseau: 1403


INFO:Compteur:Nouveau message 185:  13 =======> 2
INFO:Compteur:Nouveau message 186:  18 =======> 13
INFO:Compteur:4: Réception de message 62 provenant de 1
INFO:Compteur:4: Réception de message 36 provenant de 8
INFO:Compteur:4: Réception de message 120 provenant de 19
INFO:Compteur:1: Réception de message 105 provenant de 4
INFO:Compteur:1: Réception de message 0 provenant de 3
INFO:Compteur:15: Réception de message 111 provenant de 17
INFO:Compteur:15: Réception de message 35 provenant de 1
INFO:Compteur:15: Réception de message 57 provenant de 1
INFO:Compteur:15: Réception de message 110 provenant de 6
INFO:Compteur:15: Réception de message 132 provenant de 8
INFO:Compteur:15: Réception de message 129 provenant de 19
INFO:Compteur:

Clock:240
INFO:Compteur:nb_croisements: 71
INFO:Compteur:msg_envoyes: 187
INFO:Compteur:msg_recus: 75
INFO:Compteur:satur_reseau: 1601


INFO:Compteur:Nouveau message 187:  2 =======> 13
INFO:Compteur:Nouveau message 188:  5 =======> 16
INFO:Compteur:Nouveau message 189:  6 =======> 19
INFO:Compteur:

Clock:245
INFO:Compteur:nb_croisements: 71
INFO:Compteur:msg_envoyes: 190
INFO:Compteur:msg_recus: 75
INFO:Compteur:satur_reseau: 1604


INFO:Compteur:Nouveau message 190:  12 =======> 11
INFO:Compteur:

Clock:250
INFO:Compteur:nb_croisements: 71
INFO:Compteur:msg_envoyes: 191
INFO:Compteur:msg_recus: 75
INFO:Compteur:satur_reseau: 1605


INFO:Compteur:Nouveau message 191:  2 =======> 6
INFO:Compteur:Nouveau message 192:  6 =======> 1
INFO:Compteur:Nouveau message 193:  7 =======> 6
INFO:Compteur:Nouveau message 194:  10 =======> 20
INFO:Compteur:Nouveau message 195:  11 =======> 19
INFO:Compteur:Nouveau message 196:  13 =======> 8
INFO:Compteur:Nouveau message 197:  20 =======> 15
INFO:Compteur:6: Réception de message 151 provenant de 3
INFO:Compteur:2: Réception de message 124 provenant de 8
INFO:Compteur:19: Réception de message 108 provenant de 2
INFO:Compteur:

Clock:255
INFO:Compteur:nb_croisements: 73
INFO:Compteur:msg_envoyes: 198
INFO:Compteur:msg_recus: 78
INFO:Compteur:satur_reseau: 1630


INFO:Compteur:Nouveau message 198:  6 =======> 11
INFO:Compteur:Nouveau message 199:  9 =======> 7
INFO:Compteur:Nouveau message 200:  16 =======> 1
INFO:Compteur:Nouveau message 201:  19 =======> 2
INFO:Compteur:8: Réception de message 149 provenant de 10
INFO:Compteur:3: Réception de message 34 provenant de 19
INFO:Compteur:3: Réception de message 61 provenant de 19
INFO:Compteur:3: Réception de message 8 provenant de 18
INFO:Compteur:4: Réception de message 145 provenant de 11
INFO:Compteur:4: Réception de message 160 provenant de 2
INFO:Compteur:11: Réception de message 179 provenant de 1
INFO:Compteur:17: Réception de message 78 provenant de 5
INFO:Compteur:17: Réception de message 106 provenant de 6
INFO:Compteur:17: Réception de message 123 provenant de 6
INFO:Compteur:17: Réception de message 50 provenant de 2
INFO:Compteur:17: Réception de message 95 provenant de 2
INFO:Compteur:

Clock:260
INFO:Compteur:nb_croisements: 77
INFO:Compteur:msg_envoyes: 202
INFO:Compteur:msg_recus: 90
INFO:Compteur:satur_reseau: 1761


INFO:Compteur:Nouveau message 202:  2 =======> 17
INFO:Compteur:Nouveau message 203:  4 =======> 7
INFO:Compteur:Nouveau message 204:  6 =======> 6
INFO:Compteur:Nouveau message 205:  13 =======> 12
INFO:Compteur:18: Réception de message 121 provenant de 1
INFO:Compteur:11: Réception de message 135 provenant de 18
INFO:Compteur:

Clock:265
INFO:Compteur:nb_croisements: 78
INFO:Compteur:msg_envoyes: 206
INFO:Compteur:msg_recus: 92
INFO:Compteur:satur_reseau: 1742


INFO:Compteur:Nouveau message 206:  4 =======> 8
INFO:Compteur:Nouveau message 207:  12 =======> 7
INFO:Compteur:Nouveau message 208:  13 =======> 12
INFO:Compteur:Nouveau message 209:  14 =======> 3
INFO:Compteur:Nouveau message 210:  15 =======> 8
INFO:Compteur:Nouveau message 211:  18 =======> 2
INFO:Compteur:4: Réception de message 148 provenant de 3
INFO:Compteur:

Clock:270
INFO:Compteur:nb_croisements: 79
INFO:Compteur:msg_envoyes: 212
INFO:Compteur:msg_recus: 93
INFO:Compteur:satur_reseau: 1687


INFO:Compteur:Nouveau message 212:  5 =======> 6
INFO:Compteur:Nouveau message 213:  9 =======> 16
INFO:Compteur:Nouveau message 214:  10 =======> 19
INFO:Compteur:Nouveau message 215:  11 =======> 14
INFO:Compteur:20: Réception de message 96 provenant de 4
INFO:Compteur:20: Réception de message 88 provenant de 11
INFO:Compteur:20: Réception de message 130 provenant de 3
INFO:Compteur:

Clock:275
INFO:Compteur:nb_croisements: 80
INFO:Compteur:msg_envoyes: 216
INFO:Compteur:msg_recus: 96
INFO:Compteur:satur_reseau: 1688


INFO:Compteur:Nouveau message 216:  2 =======> 19
INFO:Compteur:Nouveau message 217:  8 =======> 14
INFO:Compteur:Nouveau message 218:  20 =======> 1
INFO:Compteur:12: Réception de message 60 provenant de 15
INFO:Compteur:12: Réception de message 86 provenant de 19
INFO:Compteur:12: Réception de message 174 provenant de 4
INFO:Compteur:14: Réception de message 217 provenant de 8
INFO:Compteur:

Clock:280
INFO:Compteur:nb_croisements: 82
INFO:Compteur:msg_envoyes: 219
INFO:Compteur:msg_recus: 100
INFO:Compteur:satur_reseau: 1702


INFO:Compteur:Nouveau message 219:  2 =======> 1
INFO:Compteur:Nouveau message 220:  7 =======> 18
INFO:Compteur:15: Réception de message 170 provenant de 3
INFO:Compteur:8: Réception de message 146 provenant de 15
INFO:Compteur:8: Réception de message 210 provenant de 15
INFO:Compteur:10: Réception de message 67 provenant de 19
INFO:Compteur:10: Réception de message 102 provenant de 1
INFO:Compteur:10: Réception de message 164 provenant de 11
INFO:Compteur:

Clock:285
INFO:Compteur:nb_croisements: 84
INFO:Compteur:msg_envoyes: 221
INFO:Compteur:msg_recus: 106
INFO:Compteur:satur_reseau: 1787


INFO:Compteur:Nouveau message 221:  2 =======> 8
INFO:Compteur:Nouveau message 222:  3 =======> 1
INFO:Compteur:Nouveau message 223:  4 =======> 12
INFO:Compteur:Nouveau message 224:  6 =======> 6
INFO:Compteur:Nouveau message 225:  11 =======> 5
INFO:Compteur:Nouveau message 226:  18 =======> 12
INFO:Compteur:

Clock:290
INFO:Compteur:nb_croisements: 84
INFO:Compteur:msg_envoyes: 227
INFO:Compteur:msg_recus: 106
INFO:Compteur:satur_reseau: 1726


INFO:Compteur:Nouveau message 227:  1 =======> 5
INFO:Compteur:Nouveau message 228:  13 =======> 10
INFO:Compteur:Nouveau message 229:  15 =======> 18
INFO:Compteur:Nouveau message 230:  19 =======> 2
INFO:Compteur:2: Réception de message 49 provenant de 15
INFO:Compteur:2: Réception de message 93 provenant de 12
INFO:Compteur:2: Réception de message 138 provenant de 6
INFO:Compteur:17: Réception de message 202 provenant de 2
INFO:Compteur:

Clock:295
INFO:Compteur:nb_croisements: 86
INFO:Compteur:msg_envoyes: 231
INFO:Compteur:msg_recus: 110
INFO:Compteur:satur_reseau: 1780


INFO:Compteur:Nouveau message 231:  1 =======> 12
INFO:Compteur:Nouveau message 232:  5 =======> 15
INFO:Compteur:Nouveau message 233:  7 =======> 15
INFO:Compteur:Nouveau message 234:  9 =======> 13
INFO:Compteur:Nouveau message 235:  12 =======> 4
INFO:Compteur:Nouveau message 236:  13 =======> 20
INFO:Compteur:Nouveau message 237:  15 =======> 2
INFO:Compteur:19: Réception de message 195 provenant de 11
INFO:Compteur:

Clock:300
INFO:Compteur:nb_croisements: 87
INFO:Compteur:msg_envoyes: 238
INFO:Compteur:msg_recus: 111
INFO:Compteur:satur_reseau: 1778


INFO:Compteur:3: Réception de message 128 provenant de 20
INFO:Compteur:

Clock:305
INFO:Compteur:nb_croisements: 89
INFO:Compteur:msg_envoyes: 238
INFO:Compteur:msg_recus: 112
INFO:Compteur:satur_reseau: 1803


INFO:Compteur:1: Réception de message 114 provenant de 10
INFO:Compteur:12: Réception de message 231 provenant de 1
INFO:Compteur:7: Réception de message 199 provenant de 9
INFO:Compteur:

Clock:310
INFO:Compteur:nb_croisements: 91
INFO:Compteur:msg_envoyes: 238
INFO:Compteur:msg_recus: 115
INFO:Compteur:satur_reseau: 1842


INFO:Compteur:

Clock:315
INFO:Compteur:nb_croisements: 91
INFO:Compteur:msg_envoyes: 238
INFO:Compteur:msg_recus: 115
INFO:Compteur:satur_reseau: 1794


INFO:Compteur:8: Réception de message 136 provenant de 2
INFO:Compteur:8: Réception de message 221 provenant de 2
INFO:Compteur:17: Réception de message 144 provenant de 10
INFO:Compteur:

Clock:320
INFO:Compteur:nb_croisements: 92
INFO:Compteur:msg_envoyes: 238
INFO:Compteur:msg_recus: 118
INFO:Compteur:satur_reseau: 1757


INFO:Compteur:2: Réception de message 159 provenant de 18
INFO:Compteur:2: Réception de message 201 provenant de 19
INFO:Compteur:2: Réception de message 230 provenant de 19
INFO:Compteur:11: Réception de message 127 provenant de 15
INFO:Compteur:

Clock:325
INFO:Compteur:nb_croisements: 93
INFO:Compteur:msg_envoyes: 238
INFO:Compteur:msg_recus: 122
INFO:Compteur:satur_reseau: 1711


INFO:Compteur:

Clock:330
INFO:Compteur:nb_croisements: 93
INFO:Compteur:msg_envoyes: 238
INFO:Compteur:msg_recus: 122
INFO:Compteur:satur_reseau: 1602


INFO:Compteur:19: Réception de message 214 provenant de 10
INFO:Compteur:1: Réception de message 80 provenant de 8
INFO:Compteur:6: Réception de message 157 provenant de 12
INFO:Compteur:18: Réception de message 155 provenant de 19
INFO:Compteur:4: Réception de message 117 provenant de 6
INFO:Compteur:4: Réception de message 131 provenant de 6
INFO:Compteur:4: Réception de message 161 provenant de 5
INFO:Compteur:2: Réception de message 211 provenant de 18
INFO:Compteur:

Clock:335
INFO:Compteur:nb_croisements: 96
INFO:Compteur:msg_envoyes: 238
INFO:Compteur:msg_recus: 130
INFO:Compteur:satur_reseau: 1647


INFO:Compteur:18: Réception de message 177 provenant de 17
INFO:Compteur:11: Réception de message 139 provenant de 10
INFO:Compteur:11: Réception de message 154 provenant de 10
INFO:Compteur:11: Réception de message 198 provenant de 6
INFO:Compteur:

Clock:340
INFO:Compteur:nb_croisements: 98
INFO:Compteur:msg_envoyes: 238
INFO:Compteur:msg_recus: 134
INFO:Compteur:satur_reseau: 1650


INFO:Compteur:9: Réception de message 89 provenant de 16
INFO:Compteur:9: Réception de message 122 provenant de 5
INFO:Compteur:

Clock:345
INFO:Compteur:nb_croisements: 100
INFO:Compteur:msg_envoyes: 238
INFO:Compteur:msg_recus: 136
INFO:Compteur:satur_reseau: 1685


INFO:Compteur:

Clock:350
INFO:Compteur:nb_croisements: 101
INFO:Compteur:msg_envoyes: 238
INFO:Compteur:msg_recus: 136
INFO:Compteur:satur_reseau: 1667


INFO:Compteur:11: Réception de message 107 provenant de 7
INFO:Compteur:

Clock:355
INFO:Compteur:nb_croisements: 102
INFO:Compteur:msg_envoyes: 238
INFO:Compteur:msg_recus: 137
INFO:Compteur:satur_reseau: 1681


INFO:Compteur:

Clock:360
INFO:Compteur:nb_croisements: 102
INFO:Compteur:msg_envoyes: 238
INFO:Compteur:msg_recus: 137
INFO:Compteur:satur_reseau: 1592


INFO:Compteur:2: Réception de message 183 provenant de 12
INFO:Compteur:1: Réception de message 219 provenant de 2
INFO:Compteur:1: Réception de message 169 provenant de 16
INFO:Compteur:1: Réception de message 200 provenant de 16
INFO:Compteur:

Clock:365
INFO:Compteur:nb_croisements: 103
INFO:Compteur:msg_envoyes: 238
INFO:Compteur:msg_recus: 141
INFO:Compteur:satur_reseau: 1570


INFO:Compteur:

Clock:370
INFO:Compteur:nb_croisements: 105
INFO:Compteur:msg_envoyes: 238
INFO:Compteur:msg_recus: 141
INFO:Compteur:satur_reseau: 1555


INFO:Compteur:4: Réception de message 126 provenant de 12
INFO:Compteur:3: Réception de message 209 provenant de 14
INFO:Compteur:3: Réception de message 156 provenant de 7
INFO:Compteur:

Clock:375
INFO:Compteur:nb_croisements: 106
INFO:Compteur:msg_envoyes: 238
INFO:Compteur:msg_recus: 144
INFO:Compteur:satur_reseau: 1524


INFO:Compteur:18: Réception de message 171 provenant de 7
INFO:Compteur:18: Réception de message 220 provenant de 7
INFO:Compteur:14: Réception de message 165 provenant de 2
INFO:Compteur:14: Réception de message 173 provenant de 20
INFO:Compteur:1: Réception de message 192 provenant de 6
INFO:Compteur:15: Réception de message 197 provenant de 20
INFO:Compteur:

Clock:380
INFO:Compteur:nb_croisements: 109
INFO:Compteur:msg_envoyes: 238
INFO:Compteur:msg_recus: 150
INFO:Compteur:satur_reseau: 1573


INFO:Compteur:10: Réception de message 115 provenant de 13
INFO:Compteur:10: Réception de message 228 provenant de 13
INFO:Compteur:13: Réception de message 186 provenant de 18
INFO:Compteur:13: Réception de message 150 provenant de 11
INFO:Compteur:

Clock:385
INFO:Compteur:nb_croisements: 110
INFO:Compteur:msg_envoyes: 238
INFO:Compteur:msg_recus: 154
INFO:Compteur:satur_reseau: 1566


INFO:Compteur:6: Réception de message 191 provenant de 2
INFO:Compteur:6: Réception de message 158 provenant de 15
INFO:Compteur:7: Réception de message 137 provenant de 5
INFO:Compteur:7: Réception de message 147 provenant de 19
INFO:Compteur:

Clock:390
INFO:Compteur:nb_croisements: 112
INFO:Compteur:msg_envoyes: 238
INFO:Compteur:msg_recus: 158
INFO:Compteur:satur_reseau: 1600


INFO:Compteur:11: Réception de message 190 provenant de 12
INFO:Compteur:

Clock:395
INFO:Compteur:nb_croisements: 113
INFO:Compteur:msg_envoyes: 238
INFO:Compteur:msg_recus: 159
INFO:Compteur:satur_reseau: 1562


INFO:Compteur:4: Réception de message 235 provenant de 12
INFO:Compteur:12: Réception de message 223 provenant de 4
INFO:Compteur:12: Réception de message 153 provenant de 8
INFO:Compteur:12: Réception de message 167 provenant de 8
INFO:Compteur:12: Réception de message 226 provenant de 18
INFO:Compteur:

Clock:400
INFO:Compteur:nb_croisements: 114
INFO:Compteur:msg_envoyes: 238
INFO:Compteur:msg_recus: 164
INFO:Compteur:satur_reseau: 1525


INFO:Compteur:20: Réception de message 194 provenant de 10
INFO:Compteur:15: Réception de message 152 provenant de 4
INFO:Compteur:15: Réception de message 233 provenant de 7
INFO:Compteur:18: Réception de message 229 provenant de 15
INFO:Compteur:

Clock:405
INFO:Compteur:nb_croisements: 116
INFO:Compteur:msg_envoyes: 238
INFO:Compteur:msg_recus: 168
INFO:Compteur:satur_reseau: 1567


INFO:Compteur:12: Réception de message 180 provenant de 5
INFO:Compteur:5: Réception de message 227 provenant de 1
INFO:Compteur:5: Réception de message 225 provenant de 11
INFO:Compteur:

Clock:410
INFO:Compteur:nb_croisements: 117
INFO:Compteur:msg_envoyes: 238
INFO:Compteur:msg_recus: 171
INFO:Compteur:satur_reseau: 1561


INFO:Compteur:

Clock:415
INFO:Compteur:nb_croisements: 119
INFO:Compteur:msg_envoyes: 238
INFO:Compteur:msg_recus: 171
INFO:Compteur:satur_reseau: 1451


INFO:Compteur:1: Réception de message 218 provenant de 20
INFO:Compteur:1: Réception de message 222 provenant de 3
INFO:Compteur:7: Réception de message 203 provenant de 4
INFO:Compteur:7: Réception de message 207 provenant de 12
INFO:Compteur:10: Réception de message 181 provenant de 7
INFO:Compteur:

Clock:420
INFO:Compteur:nb_croisements: 121
INFO:Compteur:msg_envoyes: 238
INFO:Compteur:msg_recus: 176
INFO:Compteur:satur_reseau: 1494


INFO:Compteur:

Clock:425
INFO:Compteur:nb_croisements: 122
INFO:Compteur:msg_envoyes: 238
INFO:Compteur:msg_recus: 176
INFO:Compteur:satur_reseau: 1404


INFO:Compteur:13: Réception de message 141 provenant de 5
INFO:Compteur:13: Réception de message 187 provenant de 2
INFO:Compteur:13: Réception de message 172 provenant de 19
INFO:Compteur:

Clock:430
INFO:Compteur:nb_croisements: 123
INFO:Compteur:msg_envoyes: 238
INFO:Compteur:msg_recus: 179
INFO:Compteur:satur_reseau: 1383


INFO:Compteur:

Clock:435
INFO:Compteur:nb_croisements: 124
INFO:Compteur:msg_envoyes: 238
INFO:Compteur:msg_recus: 179
INFO:Compteur:satur_reseau: 1310


INFO:Compteur:

Clock:440
INFO:Compteur:nb_croisements: 124
INFO:Compteur:msg_envoyes: 238
INFO:Compteur:msg_recus: 179
INFO:Compteur:satur_reseau: 1234


INFO:Compteur:13: Réception de message 234 provenant de 9
INFO:Compteur:

Clock:445
INFO:Compteur:nb_croisements: 126
INFO:Compteur:msg_envoyes: 238
INFO:Compteur:msg_recus: 180
INFO:Compteur:satur_reseau: 1208


INFO:Compteur:

Clock:450
INFO:Compteur:nb_croisements: 129
INFO:Compteur:msg_envoyes: 238
INFO:Compteur:msg_recus: 180
INFO:Compteur:satur_reseau: 1126


INFO:Compteur:2: Réception de message 237 provenant de 15
INFO:Compteur:

Clock:455
INFO:Compteur:nb_croisements: 131
INFO:Compteur:msg_envoyes: 238
INFO:Compteur:msg_recus: 181
INFO:Compteur:satur_reseau: 1059


INFO:Compteur:

Clock:460
INFO:Compteur:nb_croisements: 133
INFO:Compteur:msg_envoyes: 238
INFO:Compteur:msg_recus: 181
INFO:Compteur:satur_reseau: 999


INFO:Compteur:15: Réception de message 232 provenant de 5
INFO:Compteur:

Clock:465
INFO:Compteur:nb_croisements: 135
INFO:Compteur:msg_envoyes: 238
INFO:Compteur:msg_recus: 182
INFO:Compteur:satur_reseau: 986


INFO:Compteur:20: Réception de message 236 provenant de 13
INFO:Compteur:12: Réception de message 205 provenant de 13
INFO:Compteur:12: Réception de message 208 provenant de 13
INFO:Compteur:8: Réception de message 206 provenant de 4
INFO:Compteur:8: Réception de message 176 provenant de 7
INFO:Compteur:8: Réception de message 196 provenant de 13
INFO:Compteur:

Clock:470
INFO:Compteur:nb_croisements: 140
INFO:Compteur:msg_envoyes: 238
INFO:Compteur:msg_recus: 188
INFO:Compteur:satur_reseau: 1013


INFO:Compteur:

Clock:475
INFO:Compteur:nb_croisements: 142
INFO:Compteur:msg_envoyes: 238
INFO:Compteur:msg_recus: 188
INFO:Compteur:satur_reseau: 933


INFO:Compteur:16: Réception de message 213 provenant de 9
INFO:Compteur:16: Réception de message 188 provenant de 5
INFO:Compteur:6: Réception de message 193 provenant de 7
INFO:Compteur:

Clock:480
INFO:Compteur:nb_croisements: 144
INFO:Compteur:msg_envoyes: 238
INFO:Compteur:msg_recus: 191
INFO:Compteur:satur_reseau: 916


INFO:Compteur:

Clock:485
INFO:Compteur:nb_croisements: 146
INFO:Compteur:msg_envoyes: 238
INFO:Compteur:msg_recus: 191
INFO:Compteur:satur_reseau: 869


INFO:Compteur:

Clock:490
INFO:Compteur:nb_croisements: 149
INFO:Compteur:msg_envoyes: 238
INFO:Compteur:msg_recus: 191
INFO:Compteur:satur_reseau: 870


INFO:Compteur:19: Réception de message 216 provenant de 2
INFO:Compteur:

Clock:495
INFO:Compteur:nb_croisements: 151
INFO:Compteur:msg_envoyes: 238
INFO:Compteur:msg_recus: 192
INFO:Compteur:satur_reseau: 845


INFO:Compteur:

Clock:500
INFO:Compteur:nb_croisements: 152
INFO:Compteur:msg_envoyes: 238
INFO:Compteur:msg_recus: 192
INFO:Compteur:satur_reseau: 827


INFO:Compteur:6: Réception de message 212 provenant de 5
INFO:Compteur:

Clock:505
INFO:Compteur:nb_croisements: 153
INFO:Compteur:msg_envoyes: 238
INFO:Compteur:msg_recus: 193
INFO:Compteur:satur_reseau: 707


INFO:Compteur:8: Réception de message 196 provenant de 13
INFO:Compteur:

Clock:510
INFO:Compteur:nb_croisements: 155
INFO:Compteur:msg_envoyes: 238
INFO:Compteur:msg_recus: 194
INFO:Compteur:satur_reseau: 656


INFO:Compteur:14: Réception de message 215 provenant de 11
INFO:Compteur:

Clock:515
INFO:Compteur:nb_croisements: 157
INFO:Compteur:msg_envoyes: 238
INFO:Compteur:msg_recus: 195
INFO:Compteur:satur_reseau: 589


INFO:Compteur:

Clock:520
INFO:Compteur:nb_croisements: 157
INFO:Compteur:msg_envoyes: 238
INFO:Compteur:msg_recus: 195
INFO:Compteur:satur_reseau: 498


INFO:Compteur:

Clock:525
INFO:Compteur:nb_croisements: 157
INFO:Compteur:msg_envoyes: 238
INFO:Compteur:msg_recus: 195
INFO:Compteur:satur_reseau: 410


INFO:Compteur:

Clock:530
INFO:Compteur:nb_croisements: 159
INFO:Compteur:msg_envoyes: 238
INFO:Compteur:msg_recus: 195
INFO:Compteur:satur_reseau: 341


INFO:Compteur:

Clock:535
INFO:Compteur:nb_croisements: 162
INFO:Compteur:msg_envoyes: 238
INFO:Compteur:msg_recus: 195
INFO:Compteur:satur_reseau: 304


INFO:Compteur:

Clock:540
INFO:Compteur:nb_croisements: 166
INFO:Compteur:msg_envoyes: 238
INFO:Compteur:msg_recus: 195
INFO:Compteur:satur_reseau: 242


INFO:Compteur:

Clock:545
INFO:Compteur:nb_croisements: 167
INFO:Compteur:msg_envoyes: 238
INFO:Compteur:msg_recus: 195
INFO:Compteur:satur_reseau: 164


INFO:Compteur:

Clock:550
INFO:Compteur:nb_croisements: 169
INFO:Compteur:msg_envoyes: 238
INFO:Compteur:msg_recus: 195
INFO:Compteur:satur_reseau: 86


INFO:Compteur:

Clock:555
INFO:Compteur:nb_croisements: 173
INFO:Compteur:msg_envoyes: 238
INFO:Compteur:msg_recus: 195
INFO:Compteur:satur_reseau: 55


INFO:Compteur:

Clock:560
INFO:Compteur:nb_croisements: 176
INFO:Compteur:msg_envoyes: 238
INFO:Compteur:msg_recus: 195
INFO:Compteur:satur_reseau: 33


INFO:Compteur:

Clock:565
INFO:Compteur:nb_croisements: 178
INFO:Compteur:msg_envoyes: 238
INFO:Compteur:msg_recus: 195
INFO:Compteur:satur_reseau: 13


INFO:Compteur:

Clock:570
INFO:Compteur:nb_croisements: 181
INFO:Compteur:msg_envoyes: 238
INFO:Compteur:msg_recus: 195
INFO:Compteur:satur_reseau: 8


INFO:Compteur:

Clock:575
INFO:Compteur:nb_croisements: 184
INFO:Compteur:msg_envoyes: 238
INFO:Compteur:msg_recus: 195
INFO:Compteur:satur_reseau: 2


INFO:Compteur:

Clock:580
INFO:Compteur:nb_croisements: 186
INFO:Compteur:msg_envoyes: 238
INFO:Compteur:msg_recus: 195
INFO:Compteur:satur_reseau: 0


INFO:Compteur:

Clock:585
INFO:Compteur:nb_croisements: 193
INFO:Compteur:msg_envoyes: 238
INFO:Compteur:msg_recus: 195
INFO:Compteur:satur_reseau: 0


INFO:Compteur:

Clock:590
INFO:Compteur:nb_croisements: 193
INFO:Compteur:msg_envoyes: 238
INFO:Compteur:msg_recus: 195
INFO:Compteur:satur_reseau: 0


INFO:Compteur:

Clock:595
INFO:Compteur:nb_croisements: 195
INFO:Compteur:msg_envoyes: 238
INFO:Compteur:msg_recus: 195
INFO:Compteur:satur_reseau: 0


INFO:Compteur:

Clock:600
INFO:Compteur:nb_croisements: 199
INFO:Compteur:msg_envoyes: 238
INFO:Compteur:msg_recus: 195
INFO:Compteur:satur_reseau: 0


